00:57:36 **** Rebuild of configuration Debug for project helloworld ****
Info: Internal Builder is used for build
g++ -O0 -g3 -Wall -c -fmessage-length=0 -o "src\\helloworld.o" "..\\src\\helloworld.cpp" 
g++ -o helloworld.exe "src\\helloworld.o" 
Info: Nothing to build for helloworld
Info: Nothing to build for helloworld
Info: Nothing to build for helloworld
Info: Nothing to build for helloworld
Info: Nothing to build for helloworld
Info: Nothing to build for helloworld
Info: Nothing to build for helloworld
01:15:57 **** Incremental Build of configuration Debug for project helloworld ****
Info: Internal Builder is used for build
g++ -O0 -g3 -Wall -c -fmessage-length=0 -o "src\\helloworld.o" "..\\src\\helloworld.cpp" 
g++ -o helloworld.exe "src\\helloworld.o" 
Info: Nothing to build for helloworld
01:16:52 **** Incremental Build of configuration Debug for project helloworld ****
Info: Internal Builder is used for build
g++ -O0 -g3 -Wall -c -fmessage-length=0 -o "src\\helloworld.o" "..\\src\\helloworld.cpp" 
g++ -o helloworld.exe "src\\helloworld.o" 
Info: Nothing to build for helloworld
Info: Nothing to build for helloworld
15:08:42 **** Rebuild of configuration Debug for project helloworld ****
Info: Internal Builder is used for build
g++ -O0 -g3 -Wall -c -fmessage-length=0 -o "src\\helloworld.o" "..\\src\\helloworld.cpp" 
..\src\helloworld.cpp:10:18: fatal error: stream: No such file or directory
compilation terminated.
14:57:39 **** Rebuild of configuration Debug for project helloworld ****
Info: Internal Builder is used for build
g++ -O0 -g3 -Wall -c -fmessage-length=0 -o "src\\helloworld.o" "..\\src\\helloworld.cpp" 
..\src\helloworld.cpp:10:18: fatal error: stream: No such file or directory
compilation terminated.
15:01:16 **** Incremental Build of configuration Debug for project helloworld ****
Info: Internal Builder is used for build
g++ -O0 -g3 -Wall -c -fmessage-length=0 -o "src\\helloworld.o" "..\\src\\helloworld.cpp" 
g++ -o helloworld.exe "src\\helloworld.o" 
16:59:31 **** Incremental Build of configuration Debug for project helloworld ****
Info: Internal Builder is used for build
g++ -O0 -g3 -Wall -c -fmessage-length=0 -o "src\\helloworld.o" "..\\src\\helloworld.cpp" 
g++ -o helloworld.exe "src\\helloworld.o" 
00:43:33 **** Rebuild of configuration Debug for project Anagram ****
Info: Internal Builder is used for build
g++ -O0 -g3 -Wall -c -fmessage-length=0 -o main_anagram.o "..\\main_anagram.cpp" 
..\main_anagram.cpp: In function 'void sortSimple(char*, int)':
..\main_anagram.cpp:16:14: error: 'assert' was not declared in this scope
..\main_anagram.cpp: In function 'void usage()':
..\main_anagram.cpp:75:9: error: 'exit' was not declared in this scope
01:06:03 **** Incremental Build of configuration Debug for project Anagram ****
Info: Internal Builder is used for build
g++ -O0 -g3 -Wall -c -fmessage-length=0 -o main_anagram.o "..\\main_anagram.cpp" 
..\main_anagram.cpp: In function 'void sortSimple(char*, int)':
..\main_anagram.cpp:18:14: error: 'assert' was not declared in this scope
..\main_anagram.cpp: In function 'void usage()':
..\main_anagram.cpp:77:9: error: 'exit' was not declared in this scope
01:07:35 **** Rebuild of configuration Debug for project SettlersOfCatan ****
Info: Internal Builder is used for build
g++ -O0 -g3 -Wall -c -fmessage-length=0 -o main_settlercatan.o "..\\main_settlercatan.cpp" 
..\main_settlercatan.cpp: In member function 'void Node::putNeighbor(int)':
..\main_settlercatan.cpp:38:20: error: 'assert' was not declared in this scope
..\main_settlercatan.cpp: In function 'void usage()':
..\main_settlercatan.cpp:178:9: error: 'exit' was not declared in this scope
..\main_settlercatan.cpp: In function 'int main(int, char**)':
..\main_settlercatan.cpp:201:11: error: 'exit' was not declared in this scope
..\main_settlercatan.cpp:206:11: error: 'exit' was not declared in this scope
..\main_settlercatan.cpp:216:12: error: 'exit' was not declared in this scope
01:08:00 **** Incremental Build of configuration Debug for project SettlersOfCatan ****
Info: Internal Builder is used for build
g++ -O0 -g3 -Wall -c -fmessage-length=0 -o main_settlercatan.o "..\\main_settlercatan.cpp" 
..\main_settlercatan.cpp: In member function 'void Node::putNeighbor(int)':
..\main_settlercatan.cpp:38:20: error: 'assert' was not declared in this scope
..\main_settlercatan.cpp: In function 'void usage()':
..\main_settlercatan.cpp:178:9: error: 'exit' was not declared in this scope
..\main_settlercatan.cpp: In function 'int main(int, char**)':
..\main_settlercatan.cpp:201:11: error: 'exit' was not declared in this scope
..\main_settlercatan.cpp:206:11: error: 'exit' was not declared in this scope
..\main_settlercatan.cpp:216:12: error: 'exit' was not declared in this scope
02:51:35 **** Rebuild of configuration Debug for project prism ****
Info: Internal Builder is used for build
g++ -O0 -g3 -Wall -c -fmessage-length=0 -o mainprism.o "..\\mainprism.cpp" 
g++ -o prism.exe mainprism.o 
c:/mingw/bin/../lib/gcc/mingw32/4.6.2/../../../libmingw32.a(main.o): In function `main':
C:\MinGW\msys\1.0\src\mingwrt/../mingw/main.c:73: undefined reference to `WinMain@16'
collect2: ld returned 1 exit status
01:18:21 **** Rebuild of configuration Debug for project permute ****
Info: Internal Builder is used for build
g++ -O0 -g3 -Wall -c -fmessage-length=0 -o main_permute.o "..\\main_permute.cpp" 
..\main_permute.cpp: In function 'int main(int, char**)':
..\main_permute.cpp:55:36: error: 'memset' was not declared in this scope
